#0 building with "default" instance using docker driver

#1 [ 1/12] FROM docker.io/nvidia/cuda:11.1.1-base-ubuntu20.04
#1 CACHED

#2 [ 2/12] RUN ln -snf /usr/share/zoneinfo/Asia/Shanghai /etc/localtime && echo '$TZ' > /etc/timezone
#2 DONE 0.2s

#3 [ 3/12] RUN mkdir -p /home/ubuntu/platform/server/modules/Dataset/workspace
#3 DONE 0.3s

#4 [ 4/12] RUN chown -R root:root /home/ubuntu/platform/server/modules/Dataset/workspace
#4 DONE 0.2s

#5 [internal] load .dockerignore
#5 transferring context: 2B done
#5 DONE 0.0s

#6 [internal] load build definition from Dockerfile
#6 transferring dockerfile: 2.46kB done
#6 DONE 0.0s

#7 [internal] load metadata for docker.io/nvidia/cuda:11.1.1-base-ubuntu20.04
#7 DONE 0.0s

#8 [internal] load build context
#8 transferring context: 9.19kB done
#8 DONE 0.0s
ERROR: failed to solve: Canceled: context canceled
